{"/Users/tomascarrie/TDS-Final/backoffice/src/modules/admins/admin.service.js": {"path":"/Users/tomascarrie/TDS-Final/backoffice/src/modules/admins/admin.service.js","statementMap":{"0":{"start":{"line":1,"column":15},"end":{"line":1,"column":34}},"1":{"start":{"line":2,"column":23},"end":{"line":2,"column":38}},"2":{"start":{"line":3,"column":28},"end":{"line":3,"column":57}},"3":{"start":{"line":4,"column":34},"end":{"line":4,"column":64}},"4":{"start":{"line":5,"column":21},"end":{"line":5,"column":62}},"5":{"start":{"line":6,"column":16},"end":{"line":6,"column":43}},"6":{"start":{"line":8,"column":35},"end":{"line":8,"column":37}},"7":{"start":{"line":11,"column":15},"end":{"line":11,"column":25}},"8":{"start":{"line":12,"column":2},"end":{"line":12,"column":62}},"9":{"start":{"line":13,"column":2},"end":{"line":13,"column":14}},"10":{"start":{"line":18,"column":2},"end":{"line":18,"column":49}},"11":{"start":{"line":21,"column":21},"end":{"line":90,"column":1}},"12":{"start":{"line":25,"column":4},"end":{"line":29,"column":5}},"13":{"start":{"line":26,"column":6},"end":{"line":28,"column":7}},"14":{"start":{"line":27,"column":8},"end":{"line":27,"column":100}},"15":{"start":{"line":32,"column":21},"end":{"line":32,"column":61}},"16":{"start":{"line":33,"column":4},"end":{"line":35,"column":5}},"17":{"start":{"line":34,"column":6},"end":{"line":34,"column":74}},"18":{"start":{"line":38,"column":25},"end":{"line":38,"column":47}},"19":{"start":{"line":39,"column":25},"end":{"line":39,"column":60}},"20":{"start":{"line":40,"column":22},"end":{"line":40,"column":45}},"21":{"start":{"line":42,"column":18},"end":{"line":48,"column":6}},"22":{"start":{"line":51,"column":4},"end":{"line":53,"column":6}},"23":{"start":{"line":52,"column":6},"end":{"line":52,"column":63}},"24":{"start":{"line":55,"column":4},"end":{"line":59,"column":6}},"25":{"start":{"line":64,"column":18},"end":{"line":64,"column":63}},"26":{"start":{"line":65,"column":4},"end":{"line":67,"column":5}},"27":{"start":{"line":66,"column":6},"end":{"line":66,"column":61}},"28":{"start":{"line":70,"column":4},"end":{"line":72,"column":5}},"29":{"start":{"line":71,"column":6},"end":{"line":71,"column":95}},"30":{"start":{"line":74,"column":25},"end":{"line":74,"column":47}},"31":{"start":{"line":75,"column":25},"end":{"line":75,"column":60}},"32":{"start":{"line":76,"column":22},"end":{"line":76,"column":45}},"33":{"start":{"line":78,"column":4},"end":{"line":78,"column":85}},"34":{"start":{"line":80,"column":4},"end":{"line":82,"column":6}},"35":{"start":{"line":81,"column":6},"end":{"line":81,"column":63}},"36":{"start":{"line":84,"column":4},"end":{"line":88,"column":6}},"37":{"start":{"line":92,"column":0},"end":{"line":92,"column":34}}},"fnMap":{"0":{"name":"tempPasswordExpiresAt","decl":{"start":{"line":10,"column":9},"end":{"line":10,"column":30}},"loc":{"start":{"line":10,"column":33},"end":{"line":14,"column":1}},"line":10},"1":{"name":"generateTempPassword","decl":{"start":{"line":17,"column":9},"end":{"line":17,"column":29}},"loc":{"start":{"line":17,"column":32},"end":{"line":19,"column":1}},"line":17},"2":{"name":"(anonymous_2)","decl":{"start":{"line":23,"column":2},"end":{"line":23,"column":3}},"loc":{"start":{"line":23,"column":50},"end":{"line":60,"column":3}},"line":23},"3":{"name":"(anonymous_3)","decl":{"start":{"line":51,"column":53},"end":{"line":51,"column":54}},"loc":{"start":{"line":52,"column":6},"end":{"line":52,"column":63}},"line":52},"4":{"name":"(anonymous_4)","decl":{"start":{"line":63,"column":2},"end":{"line":63,"column":3}},"loc":{"start":{"line":63,"column":61},"end":{"line":89,"column":3}},"line":63},"5":{"name":"(anonymous_5)","decl":{"start":{"line":80,"column":59},"end":{"line":80,"column":60}},"loc":{"start":{"line":81,"column":6},"end":{"line":81,"column":63}},"line":81}},"branchMap":{"0":{"loc":{"start":{"line":25,"column":4},"end":{"line":29,"column":5}},"type":"if","locations":[{"start":{"line":25,"column":4},"end":{"line":29,"column":5}},{"start":{},"end":{}}],"line":25},"1":{"loc":{"start":{"line":26,"column":6},"end":{"line":28,"column":7}},"type":"if","locations":[{"start":{"line":26,"column":6},"end":{"line":28,"column":7}},{"start":{},"end":{}}],"line":26},"2":{"loc":{"start":{"line":33,"column":4},"end":{"line":35,"column":5}},"type":"if","locations":[{"start":{"line":33,"column":4},"end":{"line":35,"column":5}},{"start":{},"end":{}}],"line":33},"3":{"loc":{"start":{"line":65,"column":4},"end":{"line":67,"column":5}},"type":"if","locations":[{"start":{"line":65,"column":4},"end":{"line":67,"column":5}},{"start":{},"end":{}}],"line":65},"4":{"loc":{"start":{"line":70,"column":4},"end":{"line":72,"column":5}},"type":"if","locations":[{"start":{"line":70,"column":4},"end":{"line":72,"column":5}},{"start":{},"end":{}}],"line":70}},"s":{"0":1,"1":1,"2":1,"3":1,"4":1,"5":1,"6":1,"7":8,"8":8,"9":8,"10":8,"11":1,"12":7,"13":2,"14":1,"15":6,"16":6,"17":1,"18":5,"19":5,"20":5,"21":5,"22":5,"23":1,"24":5,"25":5,"26":5,"27":1,"28":4,"29":1,"30":3,"31":3,"32":3,"33":3,"34":3,"35":1,"36":3,"37":1},"f":{"0":8,"1":8,"2":7,"3":1,"4":5,"5":1},"b":{"0":[2,5],"1":[1,1],"2":[1,5],"3":[1,4],"4":[1,3]},"_coverageSchema":"1a1c01bbd47fc00a2c39e90264f33305004495a9","hash":"fd7b5bb20c511077bdc5e9b26f7c171f0981fcfb"}
,"/Users/tomascarrie/TDS-Final/backoffice/src/modules/auth/auth.service.js": {"path":"/Users/tomascarrie/TDS-Final/backoffice/src/modules/auth/auth.service.js","statementMap":{"0":{"start":{"line":1,"column":23},"end":{"line":1,"column":38}},"1":{"start":{"line":2,"column":15},"end":{"line":2,"column":34}},"2":{"start":{"line":3,"column":12},"end":{"line":3,"column":35}},"3":{"start":{"line":4,"column":28},"end":{"line":4,"column":65}},"4":{"start":{"line":5,"column":37},"end":{"line":5,"column":67}},"5":{"start":{"line":6,"column":21},"end":{"line":6,"column":62}},"6":{"start":{"line":7,"column":16},"end":{"line":7,"column":43}},"7":{"start":{"line":10,"column":27},"end":{"line":10,"column":28}},"8":{"start":{"line":11,"column":29},"end":{"line":11,"column":52}},"9":{"start":{"line":13,"column":20},"end":{"line":141,"column":1}},"10":{"start":{"line":16,"column":18},"end":{"line":16,"column":72}},"11":{"start":{"line":18,"column":4},"end":{"line":20,"column":5}},"12":{"start":{"line":19,"column":6},"end":{"line":19,"column":56}},"13":{"start":{"line":23,"column":4},"end":{"line":26,"column":5}},"14":{"start":{"line":24,"column":19},"end":{"line":24,"column":81}},"15":{"start":{"line":25,"column":6},"end":{"line":25,"column":102}},"16":{"start":{"line":28,"column":26},"end":{"line":28,"column":77}},"17":{"start":{"line":29,"column":4},"end":{"line":32,"column":5}},"18":{"start":{"line":30,"column":6},"end":{"line":30,"column":82}},"19":{"start":{"line":31,"column":6},"end":{"line":31,"column":56}},"20":{"start":{"line":35,"column":4},"end":{"line":39,"column":5}},"21":{"start":{"line":36,"column":6},"end":{"line":38,"column":7}},"22":{"start":{"line":37,"column":8},"end":{"line":37,"column":113}},"23":{"start":{"line":41,"column":4},"end":{"line":41,"column":56}},"24":{"start":{"line":44,"column":24},"end":{"line":55,"column":5}},"25":{"start":{"line":58,"column":25},"end":{"line":58,"column":33}},"26":{"start":{"line":59,"column":29},"end":{"line":59,"column":72}},"27":{"start":{"line":60,"column":4},"end":{"line":60,"column":87}},"28":{"start":{"line":62,"column":4},"end":{"line":71,"column":6}},"29":{"start":{"line":75,"column":28},"end":{"line":75,"column":36}},"30":{"start":{"line":76,"column":29},"end":{"line":76,"column":72}},"31":{"start":{"line":79,"column":20},"end":{"line":79,"column":116}},"32":{"start":{"line":80,"column":4},"end":{"line":82,"column":5}},"33":{"start":{"line":81,"column":6},"end":{"line":81,"column":67}},"34":{"start":{"line":84,"column":18},"end":{"line":84,"column":57}},"35":{"start":{"line":85,"column":4},"end":{"line":87,"column":5}},"36":{"start":{"line":86,"column":6},"end":{"line":86,"column":85}},"37":{"start":{"line":89,"column":24},"end":{"line":100,"column":5}},"38":{"start":{"line":102,"column":4},"end":{"line":102,"column":44}},"39":{"start":{"line":106,"column":4},"end":{"line":108,"column":5}},"40":{"start":{"line":107,"column":6},"end":{"line":107,"column":61}},"41":{"start":{"line":110,"column":4},"end":{"line":110,"column":57}},"42":{"start":{"line":111,"column":4},"end":{"line":111,"column":55}},"43":{"start":{"line":116,"column":18},"end":{"line":116,"column":57}},"44":{"start":{"line":117,"column":4},"end":{"line":119,"column":5}},"45":{"start":{"line":118,"column":6},"end":{"line":118,"column":61}},"46":{"start":{"line":121,"column":26},"end":{"line":121,"column":84}},"47":{"start":{"line":122,"column":4},"end":{"line":124,"column":5}},"48":{"start":{"line":123,"column":6},"end":{"line":123,"column":68}},"49":{"start":{"line":126,"column":27},"end":{"line":126,"column":81}},"50":{"start":{"line":127,"column":4},"end":{"line":129,"column":5}},"51":{"start":{"line":128,"column":6},"end":{"line":128,"column":86}},"52":{"start":{"line":131,"column":28},"end":{"line":131,"column":62}},"53":{"start":{"line":132,"column":4},"end":{"line":132,"column":67}},"54":{"start":{"line":133,"column":4},"end":{"line":133,"column":66}},"55":{"start":{"line":135,"column":4},"end":{"line":137,"column":6}},"56":{"start":{"line":136,"column":6},"end":{"line":136,"column":66}},"57":{"start":{"line":139,"column":4},"end":{"line":139,"column":98}},"58":{"start":{"line":143,"column":0},"end":{"line":143,"column":33}}},"fnMap":{"0":{"name":"(anonymous_0)","decl":{"start":{"line":15,"column":2},"end":{"line":15,"column":3}},"loc":{"start":{"line":15,"column":35},"end":{"line":72,"column":3}},"line":15},"1":{"name":"(anonymous_1)","decl":{"start":{"line":74,"column":2},"end":{"line":74,"column":3}},"loc":{"start":{"line":74,"column":42},"end":{"line":103,"column":3}},"line":74},"2":{"name":"(anonymous_2)","decl":{"start":{"line":105,"column":2},"end":{"line":105,"column":3}},"loc":{"start":{"line":105,"column":45},"end":{"line":112,"column":3}},"line":105},"3":{"name":"(anonymous_3)","decl":{"start":{"line":115,"column":2},"end":{"line":115,"column":3}},"loc":{"start":{"line":115,"column":66},"end":{"line":140,"column":3}},"line":115},"4":{"name":"(anonymous_4)","decl":{"start":{"line":135,"column":48},"end":{"line":135,"column":49}},"loc":{"start":{"line":136,"column":6},"end":{"line":136,"column":66}},"line":136}},"branchMap":{"0":{"loc":{"start":{"line":18,"column":4},"end":{"line":20,"column":5}},"type":"if","locations":[{"start":{"line":18,"column":4},"end":{"line":20,"column":5}},{"start":{},"end":{}}],"line":18},"1":{"loc":{"start":{"line":23,"column":4},"end":{"line":26,"column":5}},"type":"if","locations":[{"start":{"line":23,"column":4},"end":{"line":26,"column":5}},{"start":{},"end":{}}],"line":23},"2":{"loc":{"start":{"line":23,"column":8},"end":{"line":23,"column":71}},"type":"binary-expr","locations":[{"start":{"line":23,"column":8},"end":{"line":23,"column":26}},{"start":{"line":23,"column":30},"end":{"line":23,"column":71}}],"line":23},"3":{"loc":{"start":{"line":29,"column":4},"end":{"line":32,"column":5}},"type":"if","locations":[{"start":{"line":29,"column":4},"end":{"line":32,"column":5}},{"start":{},"end":{}}],"line":29},"4":{"loc":{"start":{"line":35,"column":4},"end":{"line":39,"column":5}},"type":"if","locations":[{"start":{"line":35,"column":4},"end":{"line":39,"column":5}},{"start":{},"end":{}}],"line":35},"5":{"loc":{"start":{"line":35,"column":8},"end":{"line":35,"column":68}},"type":"binary-expr","locations":[{"start":{"line":35,"column":8},"end":{"line":35,"column":34}},{"start":{"line":35,"column":38},"end":{"line":35,"column":68}}],"line":35},"6":{"loc":{"start":{"line":36,"column":6},"end":{"line":38,"column":7}},"type":"if","locations":[{"start":{"line":36,"column":6},"end":{"line":38,"column":7}},{"start":{},"end":{}}],"line":36},"7":{"loc":{"start":{"line":80,"column":4},"end":{"line":82,"column":5}},"type":"if","locations":[{"start":{"line":80,"column":4},"end":{"line":82,"column":5}},{"start":{},"end":{}}],"line":80},"8":{"loc":{"start":{"line":85,"column":4},"end":{"line":87,"column":5}},"type":"if","locations":[{"start":{"line":85,"column":4},"end":{"line":87,"column":5}},{"start":{},"end":{}}],"line":85},"9":{"loc":{"start":{"line":105,"column":24},"end":{"line":105,"column":43}},"type":"default-arg","locations":[{"start":{"line":105,"column":39},"end":{"line":105,"column":43}}],"line":105},"10":{"loc":{"start":{"line":106,"column":4},"end":{"line":108,"column":5}},"type":"if","locations":[{"start":{"line":106,"column":4},"end":{"line":108,"column":5}},{"start":{},"end":{}}],"line":106},"11":{"loc":{"start":{"line":117,"column":4},"end":{"line":119,"column":5}},"type":"if","locations":[{"start":{"line":117,"column":4},"end":{"line":119,"column":5}},{"start":{},"end":{}}],"line":117},"12":{"loc":{"start":{"line":122,"column":4},"end":{"line":124,"column":5}},"type":"if","locations":[{"start":{"line":122,"column":4},"end":{"line":124,"column":5}},{"start":{},"end":{}}],"line":122},"13":{"loc":{"start":{"line":127,"column":4},"end":{"line":129,"column":5}},"type":"if","locations":[{"start":{"line":127,"column":4},"end":{"line":129,"column":5}},{"start":{},"end":{}}],"line":127}},"s":{"0":1,"1":1,"2":1,"3":1,"4":1,"5":1,"6":1,"7":1,"8":1,"9":1,"10":11,"11":11,"12":1,"13":10,"14":1,"15":1,"16":9,"17":9,"18":2,"19":2,"20":7,"21":2,"22":1,"23":6,"24":6,"25":6,"26":6,"27":6,"28":6,"29":5,"30":5,"31":5,"32":5,"33":1,"34":4,"35":4,"36":1,"37":3,"38":3,"39":4,"40":3,"41":4,"42":4,"43":8,"44":8,"45":1,"46":7,"47":7,"48":1,"49":6,"50":6,"51":1,"52":5,"53":5,"54":5,"55":5,"56":1,"57":5,"58":1},"f":{"0":11,"1":5,"2":4,"3":8,"4":1},"b":{"0":[1,10],"1":[1,9],"2":[10,1],"3":[2,7],"4":[2,5],"5":[7,2],"6":[1,1],"7":[1,4],"8":[1,3],"9":[1],"10":[3,1],"11":[1,7],"12":[1,6],"13":[1,5]},"_coverageSchema":"1a1c01bbd47fc00a2c39e90264f33305004495a9","hash":"e6ef23600d98a97467eebb84d28e2dd429e8ab55"}
}
