TN:
SF:src\modules\admins\admin.service.js
FN:10,tempPasswordExpiresAt
FN:17,generateTempPassword
FN:23,(anonymous_2)
FN:51,(anonymous_3)
FN:63,(anonymous_4)
FN:80,(anonymous_5)
FNF:6
FNH:6
FNDA:12,tempPasswordExpiresAt
FNDA:12,generateTempPassword
FNDA:11,(anonymous_2)
FNDA:1,(anonymous_3)
FNDA:6,(anonymous_4)
FNDA:1,(anonymous_5)
DA:1,1
DA:2,1
DA:3,1
DA:4,1
DA:5,1
DA:6,1
DA:8,1
DA:11,12
DA:12,12
DA:13,12
DA:18,12
DA:21,1
DA:25,11
DA:26,2
DA:27,1
DA:32,10
DA:33,10
DA:34,2
DA:38,8
DA:39,8
DA:40,8
DA:42,8
DA:51,8
DA:52,1
DA:55,8
DA:64,6
DA:65,6
DA:66,1
DA:70,5
DA:71,1
DA:74,4
DA:75,4
DA:76,4
DA:78,4
DA:80,4
DA:81,1
DA:84,4
DA:92,1
LF:38
LH:38
BRDA:25,0,0,2
BRDA:25,0,1,9
BRDA:26,1,0,1
BRDA:26,1,1,1
BRDA:33,2,0,2
BRDA:33,2,1,8
BRDA:65,3,0,1
BRDA:65,3,1,5
BRDA:70,4,0,1
BRDA:70,4,1,4
BRF:10
BRH:10
end_of_record
TN:
SF:src\modules\auth\auth.service.js
FN:13,(anonymous_0)
FN:67,(anonymous_1)
FN:73,(anonymous_2)
FN:93,(anonymous_3)
FNF:4
FNH:4
FNDA:10,(anonymous_0)
FNDA:2,(anonymous_1)
FNDA:7,(anonymous_2)
FNDA:1,(anonymous_3)
DA:1,1
DA:2,1
DA:3,1
DA:4,1
DA:5,1
DA:6,1
DA:9,1
DA:11,1
DA:14,10
DA:17,10
DA:18,1
DA:22,9
DA:23,1
DA:24,1
DA:27,8
DA:28,8
DA:29,2
DA:30,2
DA:34,6
DA:35,2
DA:36,1
DA:41,5
DA:44,5
DA:56,5
DA:68,2
DA:69,2
DA:74,7
DA:75,7
DA:76,1
DA:79,6
DA:80,6
DA:81,1
DA:84,5
DA:85,5
DA:86,1
DA:89,4
DA:91,4
DA:93,4
DA:94,1
DA:97,4
DA:101,1
LF:41
LH:41
BRDA:17,0,0,1
BRDA:17,0,1,9
BRDA:22,1,0,1
BRDA:22,1,1,8
BRDA:22,2,0,9
BRDA:22,2,1,1
BRDA:28,3,0,2
BRDA:28,3,1,6
BRDA:34,4,0,2
BRDA:34,4,1,4
BRDA:34,5,0,6
BRDA:34,5,1,2
BRDA:35,6,0,1
BRDA:35,6,1,1
BRDA:75,7,0,1
BRDA:75,7,1,6
BRDA:80,8,0,1
BRDA:80,8,1,5
BRDA:85,9,0,1
BRDA:85,9,1,4
BRF:20
BRH:20
end_of_record
