TN:
SF:src/modules/admins/admin.service.js
FN:10,tempPasswordExpiresAt
FN:17,generateTempPassword
FN:23,(anonymous_2)
FN:51,(anonymous_3)
FN:63,(anonymous_4)
FN:80,(anonymous_5)
FNF:6
FNH:6
FNDA:8,tempPasswordExpiresAt
FNDA:8,generateTempPassword
FNDA:7,(anonymous_2)
FNDA:1,(anonymous_3)
FNDA:5,(anonymous_4)
FNDA:1,(anonymous_5)
DA:1,1
DA:2,1
DA:3,1
DA:4,1
DA:5,1
DA:6,1
DA:8,1
DA:11,8
DA:12,8
DA:13,8
DA:18,8
DA:21,1
DA:25,7
DA:26,2
DA:27,1
DA:32,6
DA:33,6
DA:34,1
DA:38,5
DA:39,5
DA:40,5
DA:42,5
DA:51,5
DA:52,1
DA:55,5
DA:64,5
DA:65,5
DA:66,1
DA:70,4
DA:71,1
DA:74,3
DA:75,3
DA:76,3
DA:78,3
DA:80,3
DA:81,1
DA:84,3
DA:92,1
LF:38
LH:38
BRDA:25,0,0,2
BRDA:25,0,1,5
BRDA:26,1,0,1
BRDA:26,1,1,1
BRDA:33,2,0,1
BRDA:33,2,1,5
BRDA:65,3,0,1
BRDA:65,3,1,4
BRDA:70,4,0,1
BRDA:70,4,1,3
BRF:10
BRH:10
end_of_record
TN:
SF:src/modules/auth/auth.service.js
FN:15,(anonymous_0)
FN:74,(anonymous_1)
FN:105,(anonymous_2)
FN:115,(anonymous_3)
FN:135,(anonymous_4)
FNF:5
FNH:5
FNDA:11,(anonymous_0)
FNDA:5,(anonymous_1)
FNDA:4,(anonymous_2)
FNDA:8,(anonymous_3)
FNDA:1,(anonymous_4)
DA:1,1
DA:2,1
DA:3,1
DA:4,1
DA:5,1
DA:6,1
DA:7,1
DA:10,1
DA:11,1
DA:13,1
DA:16,11
DA:18,11
DA:19,1
DA:23,10
DA:24,1
DA:25,1
DA:28,9
DA:29,9
DA:30,2
DA:31,2
DA:35,7
DA:36,2
DA:37,1
DA:41,6
DA:44,6
DA:58,6
DA:59,6
DA:60,6
DA:62,6
DA:75,5
DA:76,5
DA:79,5
DA:80,5
DA:81,1
DA:84,4
DA:85,4
DA:86,1
DA:89,3
DA:102,3
DA:106,4
DA:107,3
DA:110,4
DA:111,4
DA:116,8
DA:117,8
DA:118,1
DA:121,7
DA:122,7
DA:123,1
DA:126,6
DA:127,6
DA:128,1
DA:131,5
DA:132,5
DA:133,5
DA:135,5
DA:136,1
DA:139,5
DA:143,1
LF:59
LH:59
BRDA:18,0,0,1
BRDA:18,0,1,10
BRDA:23,1,0,1
BRDA:23,1,1,9
BRDA:23,2,0,10
BRDA:23,2,1,1
BRDA:29,3,0,2
BRDA:29,3,1,7
BRDA:35,4,0,2
BRDA:35,4,1,5
BRDA:35,5,0,7
BRDA:35,5,1,2
BRDA:36,6,0,1
BRDA:36,6,1,1
BRDA:80,7,0,1
BRDA:80,7,1,4
BRDA:85,8,0,1
BRDA:85,8,1,3
BRDA:105,9,0,1
BRDA:106,10,0,3
BRDA:106,10,1,1
BRDA:117,11,0,1
BRDA:117,11,1,7
BRDA:122,12,0,1
BRDA:122,12,1,6
BRDA:127,13,0,1
BRDA:127,13,1,5
BRF:27
BRH:27
end_of_record
